{"C:\\Users\\ivang\\Workspace\\meditor\\src\\Meditor.js": {"path":"C:\\Users\\ivang\\Workspace\\meditor\\src\\Meditor.js","statementMap":{"0":{"start":{"line":10,"column":4},"end":{"line":10,"column":17}},"1":{"start":{"line":12,"column":29},"end":{"line":12,"column":34}},"2":{"start":{"line":13,"column":4},"end":{"line":13,"column":71}},"3":{"start":{"line":15,"column":4},"end":{"line":17,"column":6}},"4":{"start":{"line":21,"column":4},"end":{"line":21,"column":39}},"5":{"start":{"line":23,"column":25},"end":{"line":23,"column":35}},"6":{"start":{"line":24,"column":4},"end":{"line":24,"column":39}},"7":{"start":{"line":24,"column":32},"end":{"line":24,"column":39}},"8":{"start":{"line":26,"column":4},"end":{"line":26,"column":21}},"9":{"start":{"line":30,"column":29},"end":{"line":30,"column":33}},"10":{"start":{"line":42,"column":8},"end":{"line":42,"column":18}},"11":{"start":{"line":43,"column":20},"end":{"line":43,"column":30}},"12":{"start":{"line":45,"column":4},"end":{"line":63,"column":6}},"13":{"start":{"line":67,"column":0},"end":{"line":81,"column":2}}},"fnMap":{"0":{"name":"(anonymous_0)","decl":{"start":{"line":9,"column":2},"end":{"line":9,"column":3}},"loc":{"start":{"line":9,"column":21},"end":{"line":18,"column":3}},"line":9},"1":{"name":"(anonymous_1)","decl":{"start":{"line":20,"column":2},"end":{"line":20,"column":3}},"loc":{"start":{"line":20,"column":19},"end":{"line":27,"column":3}},"line":20},"2":{"name":"(anonymous_2)","decl":{"start":{"line":29,"column":2},"end":{"line":29,"column":3}},"loc":{"start":{"line":29,"column":11},"end":{"line":64,"column":3}},"line":29}},"branchMap":{"0":{"loc":{"start":{"line":13,"column":24},"end":{"line":13,"column":70}},"type":"cond-expr","locations":[{"start":{"line":13,"column":53},"end":{"line":13,"column":65}},{"start":{"line":13,"column":68},"end":{"line":13,"column":70}}],"line":13},"1":{"loc":{"start":{"line":24,"column":4},"end":{"line":24,"column":39}},"type":"if","locations":[{"start":{"line":24,"column":4},"end":{"line":24,"column":39}},{"start":{"line":24,"column":4},"end":{"line":24,"column":39}}],"line":24},"2":{"loc":{"start":{"line":32,"column":6},"end":{"line":32,"column":20}},"type":"default-arg","locations":[{"start":{"line":32,"column":18},"end":{"line":32,"column":20}}],"line":32},"3":{"loc":{"start":{"line":33,"column":6},"end":{"line":33,"column":22}},"type":"default-arg","locations":[{"start":{"line":33,"column":17},"end":{"line":33,"column":22}}],"line":33},"4":{"loc":{"start":{"line":34,"column":6},"end":{"line":34,"column":26}},"type":"default-arg","locations":[{"start":{"line":34,"column":24},"end":{"line":34,"column":26}}],"line":34},"5":{"loc":{"start":{"line":35,"column":6},"end":{"line":35,"column":22}},"type":"default-arg","locations":[{"start":{"line":35,"column":20},"end":{"line":35,"column":22}}],"line":35},"6":{"loc":{"start":{"line":36,"column":6},"end":{"line":36,"column":22}},"type":"default-arg","locations":[{"start":{"line":36,"column":17},"end":{"line":36,"column":22}}],"line":36},"7":{"loc":{"start":{"line":37,"column":6},"end":{"line":37,"column":23}},"type":"default-arg","locations":[{"start":{"line":37,"column":18},"end":{"line":37,"column":23}}],"line":37},"8":{"loc":{"start":{"line":38,"column":6},"end":{"line":38,"column":26}},"type":"default-arg","locations":[{"start":{"line":38,"column":21},"end":{"line":38,"column":26}}],"line":38},"9":{"loc":{"start":{"line":39,"column":6},"end":{"line":39,"column":27}},"type":"default-arg","locations":[{"start":{"line":39,"column":25},"end":{"line":39,"column":27}}],"line":39},"10":{"loc":{"start":{"line":40,"column":6},"end":{"line":40,"column":23}},"type":"default-arg","locations":[{"start":{"line":40,"column":21},"end":{"line":40,"column":23}}],"line":40},"11":{"loc":{"start":{"line":41,"column":6},"end":{"line":41,"column":16}},"type":"default-arg","locations":[{"start":{"line":41,"column":14},"end":{"line":41,"column":16}}],"line":41},"12":{"loc":{"start":{"line":47,"column":9},"end":{"line":56,"column":9}},"type":"binary-expr","locations":[{"start":{"line":47,"column":9},"end":{"line":47,"column":18}},{"start":{"line":48,"column":10},"end":{"line":55,"column":12}}],"line":47},"13":{"loc":{"start":{"line":57,"column":9},"end":{"line":61,"column":9}},"type":"binary-expr","locations":[{"start":{"line":57,"column":9},"end":{"line":57,"column":19}},{"start":{"line":58,"column":10},"end":{"line":60,"column":16}}],"line":57}},"s":{"0":0,"1":0,"2":0,"3":0,"4":0,"5":0,"6":0,"7":0,"8":0,"9":0,"10":0,"11":0,"12":0,"13":0},"f":{"0":0,"1":0,"2":0},"b":{"0":[0,0],"1":[0,0],"2":[0],"3":[0],"4":[0],"5":[0],"6":[0],"7":[0],"8":[0],"9":[0],"10":[0],"11":[0],"12":[0,0],"13":[0,0]},"hash":"bf95898d69adff65691dc20d8ec7607b2292b456"}
,"C:\\Users\\ivang\\Workspace\\meditor\\src\\index.js": {"path":"C:\\Users\\ivang\\Workspace\\meditor\\src\\index.js","statementMap":{},"fnMap":{},"branchMap":{},"s":{},"f":{},"b":{},"hash":"5305a8682fa32eb804bbeb20e87035c5e50b2c3f"}
,"C:\\Users\\ivang\\Workspace\\meditor\\src\\components\\Editor.js": {"path":"C:\\Users\\ivang\\Workspace\\meditor\\src\\components\\Editor.js","statementMap":{"0":{"start":{"line":14,"column":4},"end":{"line":14,"column":17}},"1":{"start":{"line":16,"column":34},"end":{"line":16,"column":39}},"2":{"start":{"line":17,"column":4},"end":{"line":17,"column":35}},"3":{"start":{"line":19,"column":4},"end":{"line":19,"column":40}},"4":{"start":{"line":20,"column":4},"end":{"line":20,"column":45}},"5":{"start":{"line":22,"column":4},"end":{"line":22,"column":61}},"6":{"start":{"line":23,"column":4},"end":{"line":23,"column":79}},"7":{"start":{"line":25,"column":4},"end":{"line":29,"column":6}},"8":{"start":{"line":33,"column":25},"end":{"line":33,"column":35}},"9":{"start":{"line":36,"column":4},"end":{"line":40,"column":7}},"10":{"start":{"line":44,"column":4},"end":{"line":44,"column":45}},"11":{"start":{"line":44,"column":38},"end":{"line":44,"column":45}},"12":{"start":{"line":46,"column":4},"end":{"line":46,"column":39}},"13":{"start":{"line":47,"column":4},"end":{"line":47,"column":31}},"14":{"start":{"line":48,"column":4},"end":{"line":51,"column":6}},"15":{"start":{"line":55,"column":4},"end":{"line":55,"column":57}},"16":{"start":{"line":56,"column":24},"end":{"line":56,"column":49}},"17":{"start":{"line":58,"column":28},"end":{"line":62,"column":5}},"18":{"start":{"line":64,"column":28},"end":{"line":70,"column":62}},"19":{"start":{"line":70,"column":22},"end":{"line":70,"column":61}},"20":{"start":{"line":71,"column":24},"end":{"line":71,"column":44}},"21":{"start":{"line":73,"column":4},"end":{"line":73,"column":69}},"22":{"start":{"line":77,"column":25},"end":{"line":77,"column":35}},"23":{"start":{"line":78,"column":22},"end":{"line":78,"column":36}},"24":{"start":{"line":79,"column":4},"end":{"line":79,"column":33}},"25":{"start":{"line":81,"column":4},"end":{"line":85,"column":7}},"26":{"start":{"line":89,"column":29},"end":{"line":89,"column":33}},"27":{"start":{"line":95,"column":8},"end":{"line":95,"column":18}},"28":{"start":{"line":96,"column":62},"end":{"line":96,"column":72}},"29":{"start":{"line":98,"column":4},"end":{"line":112,"column":6}},"30":{"start":{"line":116,"column":0},"end":{"line":130,"column":2}}},"fnMap":{"0":{"name":"(anonymous_0)","decl":{"start":{"line":13,"column":2},"end":{"line":13,"column":3}},"loc":{"start":{"line":13,"column":21},"end":{"line":30,"column":3}},"line":13},"1":{"name":"(anonymous_1)","decl":{"start":{"line":32,"column":2},"end":{"line":32,"column":3}},"loc":{"start":{"line":32,"column":22},"end":{"line":41,"column":3}},"line":32},"2":{"name":"(anonymous_2)","decl":{"start":{"line":43,"column":2},"end":{"line":43,"column":3}},"loc":{"start":{"line":43,"column":23},"end":{"line":52,"column":3}},"line":43},"3":{"name":"(anonymous_3)","decl":{"start":{"line":54,"column":2},"end":{"line":54,"column":3}},"loc":{"start":{"line":54,"column":28},"end":{"line":74,"column":3}},"line":54},"4":{"name":"(anonymous_4)","decl":{"start":{"line":70,"column":13},"end":{"line":70,"column":14}},"loc":{"start":{"line":70,"column":22},"end":{"line":70,"column":61}},"line":70},"5":{"name":"(anonymous_5)","decl":{"start":{"line":76,"column":2},"end":{"line":76,"column":3}},"loc":{"start":{"line":76,"column":14},"end":{"line":86,"column":3}},"line":76},"6":{"name":"(anonymous_6)","decl":{"start":{"line":88,"column":2},"end":{"line":88,"column":3}},"loc":{"start":{"line":88,"column":11},"end":{"line":113,"column":3}},"line":88}},"branchMap":{"0":{"loc":{"start":{"line":16,"column":12},"end":{"line":16,"column":29}},"type":"default-arg","locations":[{"start":{"line":16,"column":27},"end":{"line":16,"column":29}}],"line":16},"1":{"loc":{"start":{"line":44,"column":4},"end":{"line":44,"column":45}},"type":"if","locations":[{"start":{"line":44,"column":4},"end":{"line":44,"column":45}},{"start":{"line":44,"column":4},"end":{"line":44,"column":45}}],"line":44},"2":{"loc":{"start":{"line":91,"column":6},"end":{"line":91,"column":20}},"type":"default-arg","locations":[{"start":{"line":91,"column":18},"end":{"line":91,"column":20}}],"line":91},"3":{"loc":{"start":{"line":92,"column":6},"end":{"line":92,"column":22}},"type":"default-arg","locations":[{"start":{"line":92,"column":17},"end":{"line":92,"column":22}}],"line":92},"4":{"loc":{"start":{"line":93,"column":6},"end":{"line":93,"column":26}},"type":"default-arg","locations":[{"start":{"line":93,"column":21},"end":{"line":93,"column":26}}],"line":93},"5":{"loc":{"start":{"line":94,"column":6},"end":{"line":94,"column":16}},"type":"default-arg","locations":[{"start":{"line":94,"column":14},"end":{"line":94,"column":16}}],"line":94}},"s":{"0":0,"1":0,"2":0,"3":0,"4":0,"5":0,"6":0,"7":0,"8":0,"9":0,"10":0,"11":0,"12":0,"13":0,"14":0,"15":0,"16":0,"17":0,"18":0,"19":0,"20":0,"21":0,"22":0,"23":0,"24":0,"25":0,"26":0,"27":0,"28":0,"29":0,"30":0},"f":{"0":0,"1":0,"2":0,"3":0,"4":0,"5":0,"6":0},"b":{"0":[0],"1":[0,0],"2":[0],"3":[0],"4":[0],"5":[0]},"hash":"5d23ee96db7c54bdf1092a410ffcb2ce28232d39"}
,"C:\\Users\\ivang\\Workspace\\meditor\\src\\components\\EditorMenu.js": {"path":"C:\\Users\\ivang\\Workspace\\meditor\\src\\components\\EditorMenu.js","statementMap":{"0":{"start":{"line":14,"column":8},"end":{"line":14,"column":18}},"1":{"start":{"line":16,"column":4},"end":{"line":48,"column":6}},"2":{"start":{"line":21,"column":25},"end":{"line":21,"column":48}},"3":{"start":{"line":28,"column":25},"end":{"line":28,"column":47}},"4":{"start":{"line":35,"column":25},"end":{"line":35,"column":49}},"5":{"start":{"line":43,"column":25},"end":{"line":43,"column":45}},"6":{"start":{"line":52,"column":0},"end":{"line":58,"column":2}}},"fnMap":{"0":{"name":"(anonymous_0)","decl":{"start":{"line":8,"column":2},"end":{"line":8,"column":3}},"loc":{"start":{"line":8,"column":11},"end":{"line":49,"column":3}},"line":8},"1":{"name":"(anonymous_1)","decl":{"start":{"line":21,"column":19},"end":{"line":21,"column":20}},"loc":{"start":{"line":21,"column":25},"end":{"line":21,"column":48}},"line":21},"2":{"name":"(anonymous_2)","decl":{"start":{"line":28,"column":19},"end":{"line":28,"column":20}},"loc":{"start":{"line":28,"column":25},"end":{"line":28,"column":47}},"line":28},"3":{"name":"(anonymous_3)","decl":{"start":{"line":35,"column":19},"end":{"line":35,"column":20}},"loc":{"start":{"line":35,"column":25},"end":{"line":35,"column":49}},"line":35},"4":{"name":"(anonymous_4)","decl":{"start":{"line":43,"column":19},"end":{"line":43,"column":20}},"loc":{"start":{"line":43,"column":25},"end":{"line":43,"column":45}},"line":43}},"branchMap":{"0":{"loc":{"start":{"line":10,"column":6},"end":{"line":10,"column":20}},"type":"default-arg","locations":[{"start":{"line":10,"column":18},"end":{"line":10,"column":20}}],"line":10},"1":{"loc":{"start":{"line":11,"column":6},"end":{"line":11,"column":18}},"type":"default-arg","locations":[{"start":{"line":11,"column":16},"end":{"line":11,"column":18}}],"line":11},"2":{"loc":{"start":{"line":12,"column":6},"end":{"line":12,"column":22}},"type":"default-arg","locations":[{"start":{"line":12,"column":20},"end":{"line":12,"column":22}}],"line":12},"3":{"loc":{"start":{"line":13,"column":6},"end":{"line":13,"column":16}},"type":"default-arg","locations":[{"start":{"line":13,"column":14},"end":{"line":13,"column":16}}],"line":13},"4":{"loc":{"start":{"line":19,"column":21},"end":{"line":19,"column":73}},"type":"cond-expr","locations":[{"start":{"line":19,"column":55},"end":{"line":19,"column":68}},{"start":{"line":19,"column":71},"end":{"line":19,"column":73}}],"line":19},"5":{"loc":{"start":{"line":26,"column":21},"end":{"line":26,"column":72}},"type":"cond-expr","locations":[{"start":{"line":26,"column":54},"end":{"line":26,"column":67}},{"start":{"line":26,"column":70},"end":{"line":26,"column":72}}],"line":26},"6":{"loc":{"start":{"line":33,"column":21},"end":{"line":33,"column":74}},"type":"cond-expr","locations":[{"start":{"line":33,"column":56},"end":{"line":33,"column":69}},{"start":{"line":33,"column":72},"end":{"line":33,"column":74}}],"line":33},"7":{"loc":{"start":{"line":41,"column":21},"end":{"line":41,"column":70}},"type":"cond-expr","locations":[{"start":{"line":41,"column":52},"end":{"line":41,"column":65}},{"start":{"line":41,"column":68},"end":{"line":41,"column":70}}],"line":41}},"s":{"0":0,"1":0,"2":0,"3":0,"4":0,"5":0,"6":0},"f":{"0":0,"1":0,"2":0,"3":0,"4":0},"b":{"0":[0],"1":[0],"2":[0],"3":[0],"4":[0,0],"5":[0,0],"6":[0,0],"7":[0,0]},"hash":"a33382090ae8318117608f499673b0bced9946b1"}
,"C:\\Users\\ivang\\Workspace\\meditor\\src\\components\\EditorStatus.js": {"path":"C:\\Users\\ivang\\Workspace\\meditor\\src\\components\\EditorStatus.js","statementMap":{"0":{"start":{"line":8,"column":67},"end":{"line":8,"column":77}},"1":{"start":{"line":10,"column":4},"end":{"line":12,"column":5}},"2":{"start":{"line":11,"column":6},"end":{"line":11,"column":76}},"3":{"start":{"line":14,"column":4},"end":{"line":24,"column":6}},"4":{"start":{"line":28,"column":0},"end":{"line":32,"column":2}}},"fnMap":{"0":{"name":"(anonymous_0)","decl":{"start":{"line":7,"column":2},"end":{"line":7,"column":3}},"loc":{"start":{"line":7,"column":11},"end":{"line":25,"column":3}},"line":7}},"branchMap":{"0":{"loc":{"start":{"line":8,"column":12},"end":{"line":8,"column":26}},"type":"default-arg","locations":[{"start":{"line":8,"column":24},"end":{"line":8,"column":26}}],"line":8},"1":{"loc":{"start":{"line":8,"column":28},"end":{"line":8,"column":50}},"type":"default-arg","locations":[{"start":{"line":8,"column":46},"end":{"line":8,"column":50}}],"line":8},"2":{"loc":{"start":{"line":8,"column":52},"end":{"line":8,"column":62}},"type":"default-arg","locations":[{"start":{"line":8,"column":60},"end":{"line":8,"column":62}}],"line":8},"3":{"loc":{"start":{"line":10,"column":4},"end":{"line":12,"column":5}},"type":"if","locations":[{"start":{"line":10,"column":4},"end":{"line":12,"column":5}},{"start":{"line":10,"column":4},"end":{"line":12,"column":5}}],"line":10}},"s":{"0":0,"1":0,"2":0,"3":0,"4":0},"f":{"0":0},"b":{"0":[0],"1":[0],"2":[0],"3":[0,0]},"hash":"4a33d10ff404d4d429413e6fe75d7445d687cfdc"}
,"C:\\Users\\ivang\\Workspace\\meditor\\src\\libs\\Ast.js": {"path":"C:\\Users\\ivang\\Workspace\\meditor\\src\\libs\\Ast.js","statementMap":{"0":{"start":{"line":3,"column":4},"end":{"line":3,"column":21}}},"fnMap":{"0":{"name":"(anonymous_0)","decl":{"start":{"line":2,"column":2},"end":{"line":2,"column":3}},"loc":{"start":{"line":2,"column":20},"end":{"line":4,"column":3}},"line":2}},"branchMap":{},"s":{"0":1},"f":{"0":1},"b":{},"_coverageSchema":"43e27e138ebf9cfc5966b082cf9a028302ed4184","hash":"f0969aea08b55632c291683cea3c6ef4f0f6a139"}
,"C:\\Users\\ivang\\Workspace\\meditor\\src\\libs\\Markdown.js": {"path":"C:\\Users\\ivang\\Workspace\\meditor\\src\\libs\\Markdown.js","statementMap":{"0":{"start":{"line":9,"column":4},"end":{"line":9,"column":21}},"1":{"start":{"line":13,"column":4},"end":{"line":15,"column":28}},"2":{"start":{"line":19,"column":4},"end":{"line":19,"column":24}},"3":{"start":{"line":23,"column":35},"end":{"line":23,"column":64}},"4":{"start":{"line":24,"column":4},"end":{"line":24,"column":25}},"5":{"start":{"line":25,"column":4},"end":{"line":25,"column":29}},"6":{"start":{"line":26,"column":4},"end":{"line":26,"column":42}},"7":{"start":{"line":30,"column":4},"end":{"line":33,"column":6}},"8":{"start":{"line":37,"column":4},"end":{"line":37,"column":34}},"9":{"start":{"line":41,"column":4},"end":{"line":41,"column":42}},"10":{"start":{"line":42,"column":4},"end":{"line":42,"column":30}},"11":{"start":{"line":46,"column":4},"end":{"line":48,"column":27}},"12":{"start":{"line":50,"column":4},"end":{"line":50,"column":27}},"13":{"start":{"line":60,"column":4},"end":{"line":60,"column":22}},"14":{"start":{"line":61,"column":4},"end":{"line":61,"column":21}},"15":{"start":{"line":67,"column":4},"end":{"line":67,"column":23}},"16":{"start":{"line":69,"column":4},"end":{"line":69,"column":59}},"17":{"start":{"line":69,"column":38},"end":{"line":69,"column":59}},"18":{"start":{"line":71,"column":28},"end":{"line":75,"column":5}},"19":{"start":{"line":73,"column":8},"end":{"line":74,"column":52}},"20":{"start":{"line":76,"column":4},"end":{"line":76,"column":53}},"21":{"start":{"line":76,"column":32},"end":{"line":76,"column":53}},"22":{"start":{"line":78,"column":23},"end":{"line":78,"column":54}},"23":{"start":{"line":79,"column":4},"end":{"line":79,"column":57}},"24":{"start":{"line":79,"column":36},"end":{"line":79,"column":57}},"25":{"start":{"line":81,"column":20},"end":{"line":81,"column":63}},"26":{"start":{"line":82,"column":21},"end":{"line":82,"column":48}},"27":{"start":{"line":84,"column":4},"end":{"line":84,"column":70}},"28":{"start":{"line":107,"column":4},"end":{"line":116,"column":23}}},"fnMap":{"0":{"name":"(anonymous_0)","decl":{"start":{"line":8,"column":2},"end":{"line":8,"column":3}},"loc":{"start":{"line":8,"column":12},"end":{"line":10,"column":3}},"line":8},"1":{"name":"(anonymous_1)","decl":{"start":{"line":12,"column":2},"end":{"line":12,"column":3}},"loc":{"start":{"line":12,"column":12},"end":{"line":16,"column":3}},"line":12},"2":{"name":"(anonymous_2)","decl":{"start":{"line":18,"column":2},"end":{"line":18,"column":3}},"loc":{"start":{"line":18,"column":15},"end":{"line":20,"column":3}},"line":18},"3":{"name":"(anonymous_3)","decl":{"start":{"line":22,"column":2},"end":{"line":22,"column":3}},"loc":{"start":{"line":22,"column":20},"end":{"line":34,"column":3}},"line":22},"4":{"name":"(anonymous_4)","decl":{"start":{"line":36,"column":2},"end":{"line":36,"column":3}},"loc":{"start":{"line":36,"column":29},"end":{"line":38,"column":3}},"line":36},"5":{"name":"(anonymous_5)","decl":{"start":{"line":40,"column":2},"end":{"line":40,"column":3}},"loc":{"start":{"line":40,"column":20},"end":{"line":57,"column":3}},"line":40},"6":{"name":"(anonymous_6)","decl":{"start":{"line":59,"column":2},"end":{"line":59,"column":3}},"loc":{"start":{"line":59,"column":16},"end":{"line":62,"column":3}},"line":59},"7":{"name":"(anonymous_7)","decl":{"start":{"line":66,"column":2},"end":{"line":66,"column":3}},"loc":{"start":{"line":66,"column":67},"end":{"line":85,"column":3}},"line":66},"8":{"name":"(anonymous_8)","decl":{"start":{"line":72,"column":6},"end":{"line":72,"column":7}},"loc":{"start":{"line":73,"column":8},"end":{"line":74,"column":52}},"line":73},"9":{"name":"(anonymous_9)","decl":{"start":{"line":106,"column":2},"end":{"line":106,"column":3}},"loc":{"start":{"line":106,"column":21},"end":{"line":117,"column":3}},"line":106}},"branchMap":{"0":{"loc":{"start":{"line":66,"column":25},"end":{"line":66,"column":42}},"type":"default-arg","locations":[{"start":{"line":66,"column":33},"end":{"line":66,"column":42}}],"line":66},"1":{"loc":{"start":{"line":66,"column":44},"end":{"line":66,"column":53}},"type":"default-arg","locations":[{"start":{"line":66,"column":51},"end":{"line":66,"column":53}}],"line":66},"2":{"loc":{"start":{"line":66,"column":55},"end":{"line":66,"column":65}},"type":"default-arg","locations":[{"start":{"line":66,"column":63},"end":{"line":66,"column":65}}],"line":66},"3":{"loc":{"start":{"line":69,"column":4},"end":{"line":69,"column":59}},"type":"if","locations":[{"start":{"line":69,"column":4},"end":{"line":69,"column":59}},{"start":{"line":69,"column":4},"end":{"line":69,"column":59}}],"line":69},"4":{"loc":{"start":{"line":73,"column":8},"end":{"line":74,"column":52}},"type":"binary-expr","locations":[{"start":{"line":73,"column":8},"end":{"line":73,"column":54}},{"start":{"line":74,"column":8},"end":{"line":74,"column":52}}],"line":73},"5":{"loc":{"start":{"line":76,"column":4},"end":{"line":76,"column":53}},"type":"if","locations":[{"start":{"line":76,"column":4},"end":{"line":76,"column":53}},{"start":{"line":76,"column":4},"end":{"line":76,"column":53}}],"line":76},"6":{"loc":{"start":{"line":79,"column":4},"end":{"line":79,"column":57}},"type":"if","locations":[{"start":{"line":79,"column":4},"end":{"line":79,"column":57}},{"start":{"line":79,"column":4},"end":{"line":79,"column":57}}],"line":79}},"s":{"0":0,"1":0,"2":0,"3":0,"4":0,"5":0,"6":0,"7":0,"8":0,"9":0,"10":0,"11":0,"12":0,"13":0,"14":0,"15":0,"16":0,"17":0,"18":0,"19":0,"20":0,"21":0,"22":0,"23":0,"24":0,"25":0,"26":0,"27":0,"28":0},"f":{"0":0,"1":0,"2":0,"3":0,"4":0,"5":0,"6":0,"7":0,"8":0,"9":0},"b":{"0":[0],"1":[0],"2":[0],"3":[0,0],"4":[0,0],"5":[0,0],"6":[0,0]},"hash":"1eb72e3c8ddf288e04b546031b8c9f9fc8692d1a"}
,"C:\\Users\\ivang\\Workspace\\meditor\\src\\polyfills\\addSelectionChangeEvent.js": {"path":"C:\\Users\\ivang\\Workspace\\meditor\\src\\polyfills\\addSelectionChangeEvent.js","statementMap":{"0":{"start":{"line":1,"column":29},"end":{"line":1,"column":57}},"1":{"start":{"line":2,"column":0},"end":{"line":8,"column":3}},"2":{"start":{"line":4,"column":4},"end":{"line":6,"column":35}},"3":{"start":{"line":10,"column":0},"end":{"line":16,"column":3}},"4":{"start":{"line":12,"column":4},"end":{"line":14,"column":29}},"5":{"start":{"line":18,"column":0},"end":{"line":24,"column":3}},"6":{"start":{"line":20,"column":4},"end":{"line":22,"column":29}},"7":{"start":{"line":26,"column":0},"end":{"line":30,"column":3}},"8":{"start":{"line":28,"column":4},"end":{"line":28,"column":67}},"9":{"start":{"line":32,"column":0},"end":{"line":36,"column":3}},"10":{"start":{"line":34,"column":4},"end":{"line":34,"column":38}},"11":{"start":{"line":38,"column":0},"end":{"line":47,"column":3}},"12":{"start":{"line":40,"column":38},"end":{"line":40,"column":49}},"13":{"start":{"line":41,"column":28},"end":{"line":41,"column":59}},"14":{"start":{"line":42,"column":26},"end":{"line":42,"column":59}},"15":{"start":{"line":43,"column":21},"end":{"line":43,"column":65}},"16":{"start":{"line":45,"column":4},"end":{"line":45,"column":20}},"17":{"start":{"line":49,"column":0},"end":{"line":57,"column":3}},"18":{"start":{"line":51,"column":38},"end":{"line":51,"column":49}},"19":{"start":{"line":52,"column":26},"end":{"line":52,"column":61}},"20":{"start":{"line":53,"column":21},"end":{"line":53,"column":76}},"21":{"start":{"line":55,"column":4},"end":{"line":55,"column":20}},"22":{"start":{"line":59,"column":0},"end":{"line":68,"column":3}},"23":{"start":{"line":61,"column":38},"end":{"line":61,"column":49}},"24":{"start":{"line":62,"column":28},"end":{"line":62,"column":59}},"25":{"start":{"line":63,"column":30},"end":{"line":63,"column":76}},"26":{"start":{"line":64,"column":36},"end":{"line":64,"column":60}},"27":{"start":{"line":66,"column":4},"end":{"line":66,"column":35}},"28":{"start":{"line":70,"column":0},"end":{"line":78,"column":3}},"29":{"start":{"line":72,"column":38},"end":{"line":72,"column":49}},"30":{"start":{"line":73,"column":28},"end":{"line":73,"column":59}},"31":{"start":{"line":74,"column":34},"end":{"line":74,"column":68}},"32":{"start":{"line":76,"column":4},"end":{"line":76,"column":37}},"33":{"start":{"line":80,"column":0},"end":{"line":84,"column":3}},"34":{"start":{"line":82,"column":4},"end":{"line":82,"column":36}},"35":{"start":{"line":86,"column":0},"end":{"line":97,"column":3}},"36":{"start":{"line":88,"column":36},"end":{"line":88,"column":47}},"37":{"start":{"line":89,"column":26},"end":{"line":89,"column":55}},"38":{"start":{"line":90,"column":26},"end":{"line":90,"column":57}},"39":{"start":{"line":91,"column":21},"end":{"line":91,"column":65}},"40":{"start":{"line":92,"column":28},"end":{"line":92,"column":58}},"41":{"start":{"line":93,"column":34},"end":{"line":93,"column":56}},"42":{"start":{"line":95,"column":4},"end":{"line":95,"column":33}},"43":{"start":{"line":99,"column":0},"end":{"line":107,"column":3}},"44":{"start":{"line":101,"column":36},"end":{"line":101,"column":47}},"45":{"start":{"line":102,"column":26},"end":{"line":102,"column":55}},"46":{"start":{"line":103,"column":32},"end":{"line":103,"column":64}},"47":{"start":{"line":105,"column":4},"end":{"line":105,"column":35}},"48":{"start":{"line":111,"column":4},"end":{"line":111,"column":45}},"49":{"start":{"line":114,"column":2},"end":{"line":114,"column":65}},"50":{"start":{"line":115,"column":2},"end":{"line":115,"column":65}},"51":{"start":{"line":116,"column":2},"end":{"line":116,"column":65}}},"fnMap":{"0":{"name":"(anonymous_0)","decl":{"start":{"line":3,"column":7},"end":{"line":3,"column":8}},"loc":{"start":{"line":3,"column":18},"end":{"line":7,"column":3}},"line":3},"1":{"name":"(anonymous_1)","decl":{"start":{"line":11,"column":7},"end":{"line":11,"column":8}},"loc":{"start":{"line":11,"column":18},"end":{"line":15,"column":3}},"line":11},"2":{"name":"(anonymous_2)","decl":{"start":{"line":19,"column":7},"end":{"line":19,"column":8}},"loc":{"start":{"line":19,"column":18},"end":{"line":23,"column":3}},"line":19},"3":{"name":"(anonymous_3)","decl":{"start":{"line":27,"column":7},"end":{"line":27,"column":8}},"loc":{"start":{"line":27,"column":18},"end":{"line":29,"column":3}},"line":27},"4":{"name":"(anonymous_4)","decl":{"start":{"line":33,"column":7},"end":{"line":33,"column":8}},"loc":{"start":{"line":33,"column":18},"end":{"line":35,"column":3}},"line":33},"5":{"name":"(anonymous_5)","decl":{"start":{"line":39,"column":7},"end":{"line":39,"column":8}},"loc":{"start":{"line":39,"column":18},"end":{"line":46,"column":3}},"line":39},"6":{"name":"(anonymous_6)","decl":{"start":{"line":50,"column":7},"end":{"line":50,"column":8}},"loc":{"start":{"line":50,"column":18},"end":{"line":56,"column":3}},"line":50},"7":{"name":"(anonymous_7)","decl":{"start":{"line":60,"column":7},"end":{"line":60,"column":8}},"loc":{"start":{"line":60,"column":18},"end":{"line":67,"column":3}},"line":60},"8":{"name":"(anonymous_8)","decl":{"start":{"line":71,"column":7},"end":{"line":71,"column":8}},"loc":{"start":{"line":71,"column":18},"end":{"line":77,"column":3}},"line":71},"9":{"name":"(anonymous_9)","decl":{"start":{"line":81,"column":7},"end":{"line":81,"column":8}},"loc":{"start":{"line":81,"column":18},"end":{"line":83,"column":3}},"line":81},"10":{"name":"(anonymous_10)","decl":{"start":{"line":87,"column":7},"end":{"line":87,"column":8}},"loc":{"start":{"line":87,"column":18},"end":{"line":96,"column":3}},"line":87},"11":{"name":"(anonymous_11)","decl":{"start":{"line":100,"column":7},"end":{"line":100,"column":8}},"loc":{"start":{"line":100,"column":18},"end":{"line":106,"column":3}},"line":100},"12":{"name":"addSelectionChangeEvent","decl":{"start":{"line":109,"column":24},"end":{"line":109,"column":47}},"loc":{"start":{"line":109,"column":57},"end":{"line":117,"column":1}},"line":109},"13":{"name":"triggerSelectionChangeEvent","decl":{"start":{"line":110,"column":11},"end":{"line":110,"column":38}},"loc":{"start":{"line":110,"column":41},"end":{"line":112,"column":3}},"line":110}},"branchMap":{"0":{"loc":{"start":{"line":4,"column":11},"end":{"line":6,"column":34}},"type":"cond-expr","locations":[{"start":{"line":5,"column":8},"end":{"line":5,"column":32}},{"start":{"line":6,"column":8},"end":{"line":6,"column":34}}],"line":4},"1":{"loc":{"start":{"line":12,"column":11},"end":{"line":14,"column":28}},"type":"cond-expr","locations":[{"start":{"line":13,"column":8},"end":{"line":13,"column":26}},{"start":{"line":14,"column":8},"end":{"line":14,"column":28}}],"line":12},"2":{"loc":{"start":{"line":20,"column":11},"end":{"line":22,"column":28}},"type":"cond-expr","locations":[{"start":{"line":21,"column":8},"end":{"line":21,"column":26}},{"start":{"line":22,"column":8},"end":{"line":22,"column":28}}],"line":20},"3":{"loc":{"start":{"line":43,"column":21},"end":{"line":43,"column":65}},"type":"cond-expr","locations":[{"start":{"line":43,"column":44},"end":{"line":43,"column":61}},{"start":{"line":43,"column":64},"end":{"line":43,"column":65}}],"line":43},"4":{"loc":{"start":{"line":53,"column":21},"end":{"line":53,"column":76}},"type":"cond-expr","locations":[{"start":{"line":53,"column":44},"end":{"line":53,"column":57}},{"start":{"line":53,"column":60},"end":{"line":53,"column":76}}],"line":53},"5":{"loc":{"start":{"line":91,"column":21},"end":{"line":91,"column":65}},"type":"cond-expr","locations":[{"start":{"line":91,"column":44},"end":{"line":91,"column":61}},{"start":{"line":91,"column":64},"end":{"line":91,"column":65}}],"line":91}},"s":{"0":0,"1":0,"2":0,"3":0,"4":0,"5":0,"6":0,"7":0,"8":0,"9":0,"10":0,"11":0,"12":0,"13":0,"14":0,"15":0,"16":0,"17":0,"18":0,"19":0,"20":0,"21":0,"22":0,"23":0,"24":0,"25":0,"26":0,"27":0,"28":0,"29":0,"30":0,"31":0,"32":0,"33":0,"34":0,"35":0,"36":0,"37":0,"38":0,"39":0,"40":0,"41":0,"42":0,"43":0,"44":0,"45":0,"46":0,"47":0,"48":0,"49":0,"50":0,"51":0},"f":{"0":0,"1":0,"2":0,"3":0,"4":0,"5":0,"6":0,"7":0,"8":0,"9":0,"10":0,"11":0,"12":0,"13":0},"b":{"0":[0,0],"1":[0,0],"2":[0,0],"3":[0,0],"4":[0,0],"5":[0,0]},"hash":"022af976869f0324645041f003d74737125e9435"}
}
